mode: set
lab/internal/handler/general.go:9.85,16.2 2 0
lab/internal/handler/general.go:18.88,25.2 2 0
lab/internal/handler/general.go:27.56,33.2 1 0
lab/internal/handler/http_handler.go:10.106,12.14 2 1
lab/internal/handler/http_handler.go:13.22,14.28 1 1
lab/internal/handler/http_handler.go:15.10,16.31 1 0
lab/internal/handler/http_handler.go:21.98,25.16 4 1
lab/internal/handler/http_handler.go:25.16,27.3 1 0
lab/internal/handler/http_handler.go:28.2,28.14 1 1
lab/internal/handler/http_handler.go:29.16,30.45 1 1
lab/internal/handler/http_handler.go:31.20,32.41 1 0
lab/internal/handler/http_handler.go:33.10,34.26 1 0
lab/internal/handler/http_handler.go:38.53,44.2 1 1
lab/internal/handler/infer.go:11.93,13.16 2 1
lab/internal/handler/infer.go:13.16,15.3 1 0
lab/internal/handler/infer.go:17.2,18.16 2 1
lab/internal/handler/infer.go:18.16,20.3 1 0
lab/internal/handler/infer.go:21.2,26.3 2 1
lab/internal/handler/visualize_graph.go:9.72,11.16 2 0
lab/internal/handler/visualize_graph.go:11.16,13.3 1 0
lab/internal/handler/visualize_graph.go:14.2,18.3 1 0
lab/cmd/lambda/main.go:10.13,12.2 1 0
lab/cmd/lambda/main.go:14.97,15.44 1 0
lab/cmd/lambda/main.go:16.13,18.17 2 0
lab/cmd/lambda/main.go:18.17,20.4 1 0
lab/cmd/lambda/main.go:21.3,21.26 1 0
lab/cmd/lambda/main.go:22.14,24.27 2 0
lab/cmd/lambda/main.go:25.10,31.30 2 0
lab/internal/algorithm/algorithm.go:11.100,12.17 1 0
lab/internal/algorithm/algorithm.go:12.17,14.3 1 0
lab/internal/algorithm/algorithm.go:15.2,16.16 2 0
lab/internal/algorithm/algorithm.go:16.16,18.3 1 0
lab/internal/algorithm/algorithm.go:19.2,19.38 1 0
lab/internal/algorithm/algorithm.go:19.38,21.3 1 0
lab/internal/algorithm/algorithm.go:22.2,22.64 1 0
lab/internal/algorithm/algorithm.go:25.125,26.22 1 0
lab/internal/algorithm/algorithm.go:26.22,28.3 1 0
lab/internal/algorithm/algorithm.go:29.2,33.40 4 0
lab/internal/algorithm/algorithm.go:33.40,35.3 1 0
lab/internal/algorithm/algorithm.go:37.2,37.38 1 0
lab/internal/algorithm/algorithm.go:37.38,38.23 1 0
lab/internal/algorithm/algorithm.go:38.23,39.12 1 0
lab/internal/algorithm/algorithm.go:40.9,42.18 2 0
lab/internal/algorithm/algorithm.go:42.18,44.5 1 0
lab/internal/algorithm/algorithm.go:45.4,45.11 1 0
lab/internal/algorithm/algorithm.go:45.11,48.19 3 0
lab/internal/algorithm/algorithm.go:48.19,50.6 1 0
lab/internal/algorithm/algorithm.go:51.5,51.36 1 0
lab/internal/algorithm/algorithm.go:56.2,56.21 1 0
lab/internal/algorithm/algorithm.go:59.95,63.16 4 0
lab/internal/algorithm/algorithm.go:63.16,65.3 1 0
lab/internal/algorithm/algorithm.go:66.2,66.17 1 0
lab/internal/logger/logger.go:10.68,20.2 4 0
lab/internal/parser/dot_to_image.go:11.57,14.16 2 0
lab/internal/parser/dot_to_image.go:14.16,16.3 1 0
lab/internal/parser/dot_to_image.go:18.2,21.16 3 0
lab/internal/parser/dot_to_image.go:21.16,23.3 1 0
lab/internal/parser/dot_to_image.go:25.2,26.85 2 0
lab/internal/parser/dot_to_image.go:26.85,28.3 1 0
lab/internal/parser/dot_to_image.go:30.2,32.23 2 0
lab/internal/parser/parser.go:12.59,14.16 2 0
lab/internal/parser/parser.go:14.16,16.3 1 0
lab/internal/parser/parser.go:17.2,18.19 2 0
lab/internal/parser/parser.go:21.52,24.41 2 0
lab/internal/parser/parser.go:24.41,25.36 1 0
lab/internal/parser/parser.go:25.36,30.21 4 0
lab/internal/parser/parser.go:30.21,32.35 2 0
lab/internal/parser/parser.go:32.35,35.6 2 0
lab/internal/parser/parser.go:40.2,43.3 1 0
lab/internal/parser/parser.go:46.52,55.2 3 0
lab/internal/parser/parser.go:57.49,63.8 5 0
lab/internal/parser/parser.go:63.8,65.3 1 0
lab/internal/parser/parser.go:67.2,67.42 1 0
lab/internal/parser/parser.go:67.42,70.13 2 0
lab/internal/parser/parser.go:70.13,72.4 1 0
lab/internal/parser/parser.go:72.9,73.60 1 0
lab/internal/parser/parser.go:73.60,77.37 3 0
lab/internal/parser/parser.go:77.37,79.6 1 0
lab/internal/parser/parser.go:79.11,81.6 1 0
lab/internal/parser/parser.go:86.2,91.20 2 0
lab/internal/parser/parser.go:94.76,95.27 1 0
lab/internal/parser/parser.go:95.27,96.43 1 0
lab/internal/parser/parser.go:96.43,97.34 1 0
lab/internal/parser/parser.go:97.34,98.48 1 0
lab/internal/parser/parser.go:98.48,102.20 4 0
lab/internal/parser/parser.go:102.20,104.7 1 0
lab/internal/parser/parser.go:105.6,105.22 1 0
lab/internal/parser/parser.go:110.2,110.12 1 0
